15:29:31.183 [main] INFO  com.example.demo2.Demo2Application - Starting Demo2Application on JRA1W1PF0X1KWL with PID 21328 (C:\Users\super\IdeaProjects\demo2\target\classes started by super in C:\Users\super\IdeaProjects\demo2) 
15:29:31.191 [main] INFO  com.example.demo2.Demo2Application - No active profile set, falling back to default profiles: default 
15:29:33.487 [main] INFO  o.s.b.w.e.tomcat.TomcatWebServer - Tomcat initialized with port(s): 8082 (http) 
15:29:33.505 [main] INFO  o.a.coyote.http11.Http11NioProtocol - Initializing ProtocolHandler ["http-nio-8082"] 
15:29:33.506 [main] INFO  o.a.catalina.core.StandardService - Starting service [Tomcat] 
15:29:33.507 [main] INFO  o.a.catalina.core.StandardEngine - Starting Servlet engine: [Apache Tomcat/9.0.36] 
15:29:33.649 [main] INFO  o.a.c.c.C.[Tomcat].[localhost].[/] - Initializing Spring embedded WebApplicationContext 
15:29:33.649 [main] INFO  o.s.b.w.s.c.ServletWebServerApplicationContext - Root WebApplicationContext: initialization completed in 2373 ms 
15:29:34.068 [main] INFO  o.s.s.c.ThreadPoolTaskExecutor - Initializing ExecutorService 'applicationTaskExecutor' 
15:29:34.314 [main] INFO  o.a.coyote.http11.Http11NioProtocol - Starting ProtocolHandler ["http-nio-8082"] 
15:29:34.353 [main] INFO  o.s.b.w.e.tomcat.TomcatWebServer - Tomcat started on port(s): 8082 (http) with context path '' 
15:29:34.366 [main] INFO  com.example.demo2.Demo2Application - Started Demo2Application in 4.467 seconds (JVM running for 7.583) 
15:29:56.094 [http-nio-8082-exec-1] INFO  o.a.c.c.C.[Tomcat].[localhost].[/] - Initializing Spring DispatcherServlet 'dispatcherServlet' 
15:29:56.094 [http-nio-8082-exec-1] INFO  o.s.web.servlet.DispatcherServlet - Initializing Servlet 'dispatcherServlet' 
15:29:56.106 [http-nio-8082-exec-1] INFO  o.s.web.servlet.DispatcherServlet - Completed initialization in 11 ms 
15:29:56.457 [http-nio-8082-exec-1] INFO  c.e.demo2.annotation.TestAspect - [{"age":12,"name":"lisi"}] 
15:29:56.474 [http-nio-8082-exec-1] INFO  c.e.demo2.controller.TestController - 12 
15:29:56.474 [http-nio-8082-exec-1] INFO  c.e.demo2.controller.TestController - 123lisi 
15:29:56.498 [http-nio-8082-exec-1] INFO  c.e.d.annotation.SystemLogAspect - response result : {"code":"0000","msg":"操作成功","data":"lisi"} 
15:29:56.509 [http-nio-8082-exec-1] INFO  c.e.d.annotation.SystemLogAspect -  explain:  class: com.example.demo2.controller.TestController method: test param： {"userDto":"com.example.demo2.dto.UserDto@22533722"} cost:259ms 
